[19/Feb/2021 09:17:39 Europe/Stockholm] [Info] ############################################################
[19/Feb/2021 09:17:39 Europe/Stockholm] [Info] # Output Factory initiated (html5)
[19/Feb/2021 09:17:39 Europe/Stockholm] [Info] # Building output for: CashComplete On-Device Software Development Kit Guide 3.0.0
[19/Feb/2021 09:17:39 Europe/Stockholm] [Info] # URL /document/edit/19938
[19/Feb/2021 09:17:39 Europe/Stockholm] [Info] # User: Annette Belfrage
[19/Feb/2021 09:17:39 Europe/Stockholm] [Info] # Time: Fri, 19 Feb 2021 09:17:39 +0100
[19/Feb/2021 09:17:39 Europe/Stockholm] [Info] # Server: crest
[19/Feb/2021 09:17:39 Europe/Stockholm] [Info] ############################################################
[19/Feb/2021 09:17:39 Europe/Stockholm] [Info] Group: system
[19/Feb/2021 09:17:39 Europe/Stockholm] [Info] Type: html5
[19/Feb/2021 09:17:39 Europe/Stockholm] [Info] Transformation: /var/www/ccms/application/lib/docbook/xsl/html5/html5.xsl
[19/Feb/2021 09:17:39 Europe/Stockholm] [Info] File found: /var/www/ccms/application/lib/docbook/xsl/html5/html5.xsl
[19/Feb/2021 09:17:39 Europe/Stockholm] [Info] ############################################################
[19/Feb/2021 09:17:39 Europe/Stockholm] [Info] Building output for: html5
[19/Feb/2021 09:17:39 Europe/Stockholm] [Info] Using stylesheet: /var/www/ccms/application/lib/docbook/xsl/html5/html5.xsl
[19/Feb/2021 09:17:39 Europe/Stockholm] [Info] Parameters for this build: (array) []
[19/Feb/2021 09:17:39 Europe/Stockholm] [Info] Environment variables for this build: (array) []
[19/Feb/2021 09:17:39 Europe/Stockholm] [Info] Building output for languages: (array) ["en"]
[19/Feb/2021 09:17:39 Europe/Stockholm] [Info] Building multilang: no
[19/Feb/2021 09:17:39 Europe/Stockholm] [Info] Building preview: no
[19/Feb/2021 09:17:39 Europe/Stockholm] [Info] ############################################################
[19/Feb/2021 09:17:39 Europe/Stockholm] [Info] Using build directory: /paligo/tmp/suzohapp/production-602f742250cc40.34501859/19938-CashComplete_On-Device_Software_Development_Kit_Guide_3_0_0-html5
[19/Feb/2021 09:17:40 Europe/Stockholm] [Info] -- Generating source files
[19/Feb/2021 09:17:40 Europe/Stockholm] [Info] -- Propagating taxonomies: false
[19/Feb/2021 09:17:41 Europe/Stockholm] [Info] -- Source files have been generated
[19/Feb/2021 09:17:41 Europe/Stockholm] [Info] -- Publication has no unresolved dependencies.
[19/Feb/2021 09:17:41 Europe/Stockholm] [Info] -- Generating source files complete.
[19/Feb/2021 09:17:42 Europe/Stockholm] [Info] Localizing: publication-19938.xml
[19/Feb/2021 09:17:42 Europe/Stockholm] [Info] Language: en
[19/Feb/2021 09:17:42 Europe/Stockholm] [Warning] Resolving some links failed
[19/Feb/2021 09:17:42 Europe/Stockholm] [Info] [/*/*[2]/*[17]/*[14]/*[8]/*[3]/*] An outgoing link in <a href="/document/edit/6294">CashComplete On-Device permissions</a> could not be resolved. The link points to <a href="/document/edit/8299">Permissions</a> which is not part of this publication.
[19/Feb/2021 09:17:42 Europe/Stockholm] [Info] Variable sets found: 3
[19/Feb/2021 09:17:43 Europe/Stockholm] [Info] Inserting image links.
[19/Feb/2021 09:17:43 Europe/Stockholm] [Info] Found 7 image(s).
[19/Feb/2021 09:17:43 Europe/Stockholm] [Info] Found image 'CCOD_SDKGuide.png'
[19/Feb/2021 09:17:43 Europe/Stockholm] [Info] Found image 'SDK_architecture.png'
[19/Feb/2021 09:17:43 Europe/Stockholm] [Info] Found image 'CCoD_and_plug_in_flowchart.png'
[19/Feb/2021 09:17:43 Europe/Stockholm] [Info] Found image 'SDK_managers_diagram.png'
[19/Feb/2021 09:17:43 Europe/Stockholm] [Info] Found image 'icon_example.png'
[19/Feb/2021 09:17:44 Europe/Stockholm] [Info] Found image 'icon_example_b_w.png'
[19/Feb/2021 09:17:44 Europe/Stockholm] [Info] Found image 'kiosk_ccod_architecture.pdf'
[19/Feb/2021 09:17:45 Europe/Stockholm] [Info] Profiling parameters: (array) []
[19/Feb/2021 09:17:45 Europe/Stockholm] [Info] Profiling customisation: /var/www/ccms/usr/suzohapp/xsl/profile.xsl (not found)
[19/Feb/2021 09:17:45 Europe/Stockholm] [Info] Transformation: publication-19938--en.org.xml -> publication-19938--en.xml [profile.xsl]
[19/Feb/2021 09:17:45 Europe/Stockholm] [Info] Transformation: publication-19938--en.xml -> publication-19938--en.xml [internal-xref.xsl]
[19/Feb/2021 09:17:45 Europe/Stockholm] [Info] Transformation: A-filelist.xml -> B-sorted.xml [IO.document.sortlang.xsl]
[19/Feb/2021 09:17:45 Europe/Stockholm] [Info] Transformation: B-sorted.xml -> C-concatenated.xml [IO.document.concat.xsl]
[19/Feb/2021 09:17:45 Europe/Stockholm] [Info] Transformation: B-sorted.xml -> index-en.xml [IO.document.head.xsl]
[19-Feb-2021 09:17:47 Europe/Stockholm] Parsing manifest file: css/*, css/image/*, css/image/callouts/*, js/*, fonts/*
[19-Feb-2021 09:17:47 Europe/Stockholm] Filename: css/*
[19-Feb-2021 09:17:47 Europe/Stockholm] Source directory: /var/www/ccms/application/lib/docbook/xsl/html5
[19-Feb-2021 09:17:47 Europe/Stockholm] Target directory: /paligo/tmp/suzohapp/production-602f742250cc40.34501859/19938-CashComplete_On-Device_Software_Development_Kit_Guide_3_0_0-html5/out
[19-Feb-2021 09:17:47 Europe/Stockholm] Copy file 'bootstrap-3.0.2.min.css'
[19-Feb-2021 09:17:47 Europe/Stockholm] Copy file 'bootstrap-theme-3.0.2.min.css'
[19-Feb-2021 09:17:47 Europe/Stockholm] Copy file 'bootstrap-theme.min.css'
[19-Feb-2021 09:17:47 Europe/Stockholm] Copy file 'bootstrap-theme.min.css.map'
[19-Feb-2021 09:17:47 Europe/Stockholm] Copy file 'bootstrap.min.css'
[19-Feb-2021 09:17:47 Europe/Stockholm] Copy file 'bootstrap.min.css.map'
[19-Feb-2021 09:17:47 Europe/Stockholm] Copy file 'content-theme1.css'
[19-Feb-2021 09:17:47 Europe/Stockholm] Copy file 'content-theme2.css'
[19-Feb-2021 09:17:47 Europe/Stockholm] Copy file 'docbook.css'
[19-Feb-2021 09:17:47 Europe/Stockholm] Copy file 'font-awesome.css'
[19-Feb-2021 09:17:47 Europe/Stockholm] Copy file 'graphical-lists.css'
[19-Feb-2021 09:17:47 Europe/Stockholm] Copy file 'html5.algoliasearch.css'
[19-Feb-2021 09:17:47 Europe/Stockholm] Copy file 'html5.algoliasearchpage.css'
[19-Feb-2021 09:17:47 Europe/Stockholm] Copy file 'mathml.css'
[19-Feb-2021 09:17:47 Europe/Stockholm] Copy file 'roboto.font.css'
[19-Feb-2021 09:17:47 Europe/Stockholm] Copy file 'rwd-table.min.css'
[19-Feb-2021 09:17:47 Europe/Stockholm] Copy file 'sm-core-css.css'
[19-Feb-2021 09:17:47 Europe/Stockholm] Copy file 'sm-simple.css'
[19-Feb-2021 09:17:47 Europe/Stockholm] Copy file 'style-api-responsive.css'
[19-Feb-2021 09:17:47 Europe/Stockholm] Copy file 'style-api.css'
[19-Feb-2021 09:17:47 Europe/Stockholm] Copy file 'style-common.css'
[19-Feb-2021 09:17:47 Europe/Stockholm] Copy file 'style-index-page.css'
[19-Feb-2021 09:17:47 Europe/Stockholm] Copy file 'style-modern-tables.css'
[19-Feb-2021 09:17:47 Europe/Stockholm] Copy file 'style-print.css'
[19-Feb-2021 09:17:47 Europe/Stockholm] Copy file 'style-responsive.css'
[19-Feb-2021 09:17:47 Europe/Stockholm] Copy file 'style-revealjs-slides.css'
[19-Feb-2021 09:17:47 Europe/Stockholm] Copy file 'style-single-page.css'
[19-Feb-2021 09:17:47 Europe/Stockholm] Copy file 'style.css'
[19-Feb-2021 09:17:47 Europe/Stockholm] Copy file 'theme0.css'
[19-Feb-2021 09:17:47 Europe/Stockholm] Copy file 'theme1-colors.css'
[19-Feb-2021 09:17:47 Europe/Stockholm] Copy file 'theme1.css'
[19-Feb-2021 09:17:47 Europe/Stockholm] Copy file 'theme2-colors.css'
[19-Feb-2021 09:17:47 Europe/Stockholm] Copy file 'theme2.css'
[19-Feb-2021 09:17:47 Europe/Stockholm] Copy file 'theme3-colors.css'
[19-Feb-2021 09:17:47 Europe/Stockholm] Copy file 'theme3.css'
[19-Feb-2021 09:17:47 Europe/Stockholm] Copy file 'theme3b-colors.css'
[19-Feb-2021 09:17:47 Europe/Stockholm] Copy file 'theme3b.css'
[19-Feb-2021 09:17:47 Europe/Stockholm] Filename: css/image/*
[19-Feb-2021 09:17:47 Europe/Stockholm] Source directory: /var/www/ccms/application/lib/docbook/xsl/html5
[19-Feb-2021 09:17:47 Europe/Stockholm] Target directory: /paligo/tmp/suzohapp/production-602f742250cc40.34501859/19938-CashComplete_On-Device_Software_Development_Kit_Guide_3_0_0-html5/out
[19-Feb-2021 09:17:47 Europe/Stockholm] Copy file 'breadcrumb-seperator.png'
[19-Feb-2021 09:17:47 Europe/Stockholm] Copy file 'caution.png'
[19-Feb-2021 09:17:47 Europe/Stockholm] Copy file 'corporate-logo-blue-inverted.svg'
[19-Feb-2021 09:17:47 Europe/Stockholm] Copy file 'corporate-logo-blue.svg'
[19-Feb-2021 09:17:47 Europe/Stockholm] Copy file 'corporate-logo-white.png'
[19-Feb-2021 09:17:47 Europe/Stockholm] Copy file 'corporate-logo-white.svg'
[19-Feb-2021 09:17:47 Europe/Stockholm] Copy file 'corporate-logo.png'
[19-Feb-2021 09:17:47 Europe/Stockholm] Copy file 'corporate-logo.svg'
[19-Feb-2021 09:17:47 Europe/Stockholm] Copy file 'important.png'
[19-Feb-2021 09:17:47 Europe/Stockholm] Copy file 'note.png'
[19-Feb-2021 09:17:47 Europe/Stockholm] Copy file 'portal1-bg.jpg'
[19-Feb-2021 09:17:47 Europe/Stockholm] Copy file 'portal2a-bg.jpg'
[19-Feb-2021 09:17:47 Europe/Stockholm] Copy file 'portal2b-bg.jpg'
[19-Feb-2021 09:17:47 Europe/Stockholm] Copy file 'portal2c-bg.jpg'
[19-Feb-2021 09:17:47 Europe/Stockholm] Copy file 'subheader-bg.png'
[19-Feb-2021 09:17:47 Europe/Stockholm] Copy file 'warning.png'
[19-Feb-2021 09:17:47 Europe/Stockholm] Filename: css/image/callouts/*
[19-Feb-2021 09:17:47 Europe/Stockholm] Source directory: /var/www/ccms/application/lib/docbook/xsl/html5
[19-Feb-2021 09:17:47 Europe/Stockholm] Target directory: /paligo/tmp/suzohapp/production-602f742250cc40.34501859/19938-CashComplete_On-Device_Software_Development_Kit_Guide_3_0_0-html5/out
[19-Feb-2021 09:17:47 Europe/Stockholm] Copy file '1.gif'
[19-Feb-2021 09:17:47 Europe/Stockholm] Copy file '1.png'
[19-Feb-2021 09:17:47 Europe/Stockholm] Copy file '1.svg'
[19-Feb-2021 09:17:47 Europe/Stockholm] Copy file '10.gif'
[19-Feb-2021 09:17:47 Europe/Stockholm] Copy file '10.png'
[19-Feb-2021 09:17:47 Europe/Stockholm] Copy file '10.svg'
[19-Feb-2021 09:17:47 Europe/Stockholm] Copy file '11.gif'
[19-Feb-2021 09:17:47 Europe/Stockholm] Copy file '11.png'
[19-Feb-2021 09:17:47 Europe/Stockholm] Copy file '11.svg'
[19-Feb-2021 09:17:47 Europe/Stockholm] Copy file '12.gif'
[19-Feb-2021 09:17:47 Europe/Stockholm] Copy file '12.png'
[19-Feb-2021 09:17:47 Europe/Stockholm] Copy file '12.svg'
[19-Feb-2021 09:17:47 Europe/Stockholm] Copy file '13.gif'
[19-Feb-2021 09:17:47 Europe/Stockholm] Copy file '13.png'
[19-Feb-2021 09:17:47 Europe/Stockholm] Copy file '13.svg'
[19-Feb-2021 09:17:47 Europe/Stockholm] Copy file '14.gif'
[19-Feb-2021 09:17:47 Europe/Stockholm] Copy file '14.png'
[19-Feb-2021 09:17:47 Europe/Stockholm] Copy file '14.svg'
[19-Feb-2021 09:17:47 Europe/Stockholm] Copy file '15.gif'
[19-Feb-2021 09:17:47 Europe/Stockholm] Copy file '15.png'
[19-Feb-2021 09:17:47 Europe/Stockholm] Copy file '15.svg'
[19-Feb-2021 09:17:47 Europe/Stockholm] Copy file '16.svg'
[19-Feb-2021 09:17:47 Europe/Stockholm] Copy file '17.svg'
[19-Feb-2021 09:17:47 Europe/Stockholm] Copy file '18.svg'
[19-Feb-2021 09:17:47 Europe/Stockholm] Copy file '19.svg'
[19-Feb-2021 09:17:47 Europe/Stockholm] Copy file '2.gif'
[19-Feb-2021 09:17:47 Europe/Stockholm] Copy file '2.png'
[19-Feb-2021 09:17:47 Europe/Stockholm] Copy file '2.svg'
[19-Feb-2021 09:17:47 Europe/Stockholm] Copy file '20.svg'
[19-Feb-2021 09:17:47 Europe/Stockholm] Copy file '21.svg'
[19-Feb-2021 09:17:47 Europe/Stockholm] Copy file '22.svg'
[19-Feb-2021 09:17:47 Europe/Stockholm] Copy file '23.svg'
[19-Feb-2021 09:17:47 Europe/Stockholm] Copy file '24.svg'
[19-Feb-2021 09:17:47 Europe/Stockholm] Copy file '25.svg'
[19-Feb-2021 09:17:47 Europe/Stockholm] Copy file '26.svg'
[19-Feb-2021 09:17:47 Europe/Stockholm] Copy file '27.svg'
[19-Feb-2021 09:17:47 Europe/Stockholm] Copy file '28.svg'
[19-Feb-2021 09:17:47 Europe/Stockholm] Copy file '29.svg'
[19-Feb-2021 09:17:47 Europe/Stockholm] Copy file '3.gif'
[19-Feb-2021 09:17:47 Europe/Stockholm] Copy file '3.png'
[19-Feb-2021 09:17:47 Europe/Stockholm] Copy file '3.svg'
[19-Feb-2021 09:17:47 Europe/Stockholm] Copy file '30.svg'
[19-Feb-2021 09:17:47 Europe/Stockholm] Copy file '4.gif'
[19-Feb-2021 09:17:47 Europe/Stockholm] Copy file '4.png'
[19-Feb-2021 09:17:47 Europe/Stockholm] Copy file '4.svg'
[19-Feb-2021 09:17:47 Europe/Stockholm] Copy file '5.gif'
[19-Feb-2021 09:17:47 Europe/Stockholm] Copy file '5.png'
[19-Feb-2021 09:17:47 Europe/Stockholm] Copy file '5.svg'
[19-Feb-2021 09:17:47 Europe/Stockholm] Copy file '6.gif'
[19-Feb-2021 09:17:47 Europe/Stockholm] Copy file '6.png'
[19-Feb-2021 09:17:47 Europe/Stockholm] Copy file '6.svg'
[19-Feb-2021 09:17:47 Europe/Stockholm] Copy file '7.gif'
[19-Feb-2021 09:17:47 Europe/Stockholm] Copy file '7.png'
[19-Feb-2021 09:17:47 Europe/Stockholm] Copy file '7.svg'
[19-Feb-2021 09:17:47 Europe/Stockholm] Copy file '8.gif'
[19-Feb-2021 09:17:47 Europe/Stockholm] Copy file '8.png'
[19-Feb-2021 09:17:47 Europe/Stockholm] Copy file '8.svg'
[19-Feb-2021 09:17:47 Europe/Stockholm] Copy file '9.gif'
[19-Feb-2021 09:17:47 Europe/Stockholm] Copy file '9.png'
[19-Feb-2021 09:17:47 Europe/Stockholm] Copy file '9.svg'
[19-Feb-2021 09:17:47 Europe/Stockholm] Filename: js/*
[19-Feb-2021 09:17:47 Europe/Stockholm] Source directory: /var/www/ccms/application/lib/docbook/xsl/html5
[19-Feb-2021 09:17:47 Europe/Stockholm] Target directory: /paligo/tmp/suzohapp/production-602f742250cc40.34501859/19938-CashComplete_On-Device_Software_Development_Kit_Guide_3_0_0-html5/out
[19-Feb-2021 09:17:47 Europe/Stockholm] Copy file 'ajax-loading.js'
[19-Feb-2021 09:17:47 Europe/Stockholm] Copy file 'anchorlinks.js'
[19-Feb-2021 09:17:47 Europe/Stockholm] Copy file 'bootstrap.min.js'
[19-Feb-2021 09:17:47 Europe/Stockholm] Copy file 'checklist.js'
[19-Feb-2021 09:17:47 Europe/Stockholm] Copy file 'clipboard.min.js'
[19-Feb-2021 09:17:47 Europe/Stockholm] Copy file 'cookie-consent.js'
[19-Feb-2021 09:17:47 Europe/Stockholm] Copy file 'create-toc.js'
[19-Feb-2021 09:17:47 Europe/Stockholm] Copy file 'csh.js'
[19-Feb-2021 09:17:47 Europe/Stockholm] Copy file 'fuse.min.js'
[19-Feb-2021 09:17:47 Europe/Stockholm] Copy file 'hilitor.js'
[19-Feb-2021 09:17:47 Europe/Stockholm] Copy file 'html5-2-ajax-hp.js'
[19-Feb-2021 09:17:47 Europe/Stockholm] Copy file 'html5-2-ajax.js'
[19-Feb-2021 09:17:47 Europe/Stockholm] Copy file 'html5-2-mp-common.js'
[19-Feb-2021 09:17:47 Europe/Stockholm] Copy file 'html5-2-portal.js'
[19-Feb-2021 09:17:47 Europe/Stockholm] Copy file 'html5-2.js'
[19-Feb-2021 09:17:47 Europe/Stockholm] Copy file 'html5.algoliasearch.js'
[19-Feb-2021 09:17:47 Europe/Stockholm] Copy file 'html5.algoliasearchpage.js'
[19-Feb-2021 09:17:47 Europe/Stockholm] Copy file 'html5.fuse.search.js'
[19-Feb-2021 09:17:47 Europe/Stockholm] Copy file 'jquery-1.10.2.min.js'
[19-Feb-2021 09:17:47 Europe/Stockholm] Copy file 'jquery-1.10.2.min.map'
[19-Feb-2021 09:17:47 Europe/Stockholm] Copy file 'jquery-migrate-3.0.1.min.js'
[19-Feb-2021 09:17:47 Europe/Stockholm] Copy file 'jquery-ui-1.10.3.custom.min.js'
[19-Feb-2021 09:17:47 Europe/Stockholm] Copy file 'jquery.event.move.js'
[19-Feb-2021 09:17:47 Europe/Stockholm] Copy file 'jquery.event.swipe.js'
[19-Feb-2021 09:17:47 Europe/Stockholm] Copy file 'jquery.mark.min.js'
[19-Feb-2021 09:17:47 Europe/Stockholm] Copy file 'jquery.smartmenus.js'
[19-Feb-2021 09:17:47 Europe/Stockholm] Copy file 'jquery.sticky.js'
[19-Feb-2021 09:17:47 Europe/Stockholm] Copy file 'lunr-single-lang.js'
[19-Feb-2021 09:17:47 Europe/Stockholm] Copy file 'lunr.js'
[19-Feb-2021 09:17:47 Europe/Stockholm] Copy file 'materialize.min.js'
[19-Feb-2021 09:17:47 Europe/Stockholm] Copy file 'mspace.js'
[19-Feb-2021 09:17:47 Europe/Stockholm] Copy file 'purl.js'
[19-Feb-2021 09:17:47 Europe/Stockholm] Copy file 'respond.min.js'
[19-Feb-2021 09:17:47 Europe/Stockholm] Copy file 'responsive-tables.js'
[19-Feb-2021 09:17:47 Europe/Stockholm] Copy file 'rwd-table.min.js'
[19-Feb-2021 09:17:47 Europe/Stockholm] Copy file 'script-api.js'
[19-Feb-2021 09:17:47 Europe/Stockholm] Copy file 'script-revealjs-slides.js'
[19-Feb-2021 09:17:47 Europe/Stockholm] Copy file 'script.js'
[19-Feb-2021 09:17:47 Europe/Stockholm] Copy file 'search.js'
[19-Feb-2021 09:17:47 Europe/Stockholm] Copy file 'updateurl.js'
[19-Feb-2021 09:17:47 Europe/Stockholm] Filename: fonts/*
[19-Feb-2021 09:17:47 Europe/Stockholm] Source directory: /var/www/ccms/application/lib/docbook/xsl/html5
[19-Feb-2021 09:17:47 Europe/Stockholm] Target directory: /paligo/tmp/suzohapp/production-602f742250cc40.34501859/19938-CashComplete_On-Device_Software_Development_Kit_Guide_3_0_0-html5/out
[19-Feb-2021 09:17:47 Europe/Stockholm] Copy file 'FontAwesome.otf'
[19-Feb-2021 09:17:47 Europe/Stockholm] Copy file 'fontawesome-webfont.eot'
[19-Feb-2021 09:17:47 Europe/Stockholm] Copy file 'fontawesome-webfont.svg'
[19-Feb-2021 09:17:47 Europe/Stockholm] Copy file 'fontawesome-webfont.ttf'
[19-Feb-2021 09:17:47 Europe/Stockholm] Copy file 'fontawesome-webfont.woff'
[19-Feb-2021 09:17:47 Europe/Stockholm] Copy file 'fontawesome-webfont.woff2'
[19-Feb-2021 09:17:47 Europe/Stockholm] Copy file 'glyphicons-halflings-regular.eot'
[19-Feb-2021 09:17:47 Europe/Stockholm] Copy file 'glyphicons-halflings-regular.svg'
[19-Feb-2021 09:17:47 Europe/Stockholm] Copy file 'glyphicons-halflings-regular.ttf'
[19-Feb-2021 09:17:47 Europe/Stockholm] Copy file 'glyphicons-halflings-regular.woff'
[19-Feb-2021 09:17:47 Europe/Stockholm] Copy file 'glyphicons-halflings-regular.woff2'
[19-Feb-2021 09:17:47 Europe/Stockholm] Copy file 'roboto-v20-vietnamese_latin-ext_latin_greek-ext_greek_cyrillic-ext_cyrillic-300.eot'
[19-Feb-2021 09:17:47 Europe/Stockholm] Copy file 'roboto-v20-vietnamese_latin-ext_latin_greek-ext_greek_cyrillic-ext_cyrillic-300.svg'
[19-Feb-2021 09:17:47 Europe/Stockholm] Copy file 'roboto-v20-vietnamese_latin-ext_latin_greek-ext_greek_cyrillic-ext_cyrillic-300.ttf'
[19-Feb-2021 09:17:47 Europe/Stockholm] Copy file 'roboto-v20-vietnamese_latin-ext_latin_greek-ext_greek_cyrillic-ext_cyrillic-300.woff'
[19-Feb-2021 09:17:47 Europe/Stockholm] Copy file 'roboto-v20-vietnamese_latin-ext_latin_greek-ext_greek_cyrillic-ext_cyrillic-300.woff2'
[19-Feb-2021 09:17:47 Europe/Stockholm] Copy file 'roboto-v20-vietnamese_latin-ext_latin_greek-ext_greek_cyrillic-ext_cyrillic-700.eot'
[19-Feb-2021 09:17:47 Europe/Stockholm] Copy file 'roboto-v20-vietnamese_latin-ext_latin_greek-ext_greek_cyrillic-ext_cyrillic-700.svg'
[19-Feb-2021 09:17:47 Europe/Stockholm] Copy file 'roboto-v20-vietnamese_latin-ext_latin_greek-ext_greek_cyrillic-ext_cyrillic-700.ttf'
[19-Feb-2021 09:17:47 Europe/Stockholm] Copy file 'roboto-v20-vietnamese_latin-ext_latin_greek-ext_greek_cyrillic-ext_cyrillic-700.woff'
[19-Feb-2021 09:17:47 Europe/Stockholm] Copy file 'roboto-v20-vietnamese_latin-ext_latin_greek-ext_greek_cyrillic-ext_cyrillic-700.woff2'
[19-Feb-2021 09:17:47 Europe/Stockholm] Copy file 'roboto-v20-vietnamese_latin-ext_latin_greek-ext_greek_cyrillic-ext_cyrillic-regular.eot'
[19-Feb-2021 09:17:47 Europe/Stockholm] Copy file 'roboto-v20-vietnamese_latin-ext_latin_greek-ext_greek_cyrillic-ext_cyrillic-regular.svg'
[19-Feb-2021 09:17:47 Europe/Stockholm] Copy file 'roboto-v20-vietnamese_latin-ext_latin_greek-ext_greek_cyrillic-ext_cyrillic-regular.ttf'
[19-Feb-2021 09:17:47 Europe/Stockholm] Copy file 'roboto-v20-vietnamese_latin-ext_latin_greek-ext_greek_cyrillic-ext_cyrillic-regular.woff'
[19-Feb-2021 09:17:47 Europe/Stockholm] Copy file 'roboto-v20-vietnamese_latin-ext_latin_greek-ext_greek_cyrillic-ext_cyrillic-regular.woff2'
[19-Feb-2021 09:17:47 Europe/Stockholm] Parsing manifest file: css/*, css/image/*, css/image/callouts/*, js/*, fonts/*
[19-Feb-2021 09:17:47 Europe/Stockholm] Filename: css/*
[19-Feb-2021 09:17:47 Europe/Stockholm] Source directory: /var/www/ccms/application/lib/docbook/xsl/html5
[19-Feb-2021 09:17:47 Europe/Stockholm] Target directory: /paligo/tmp/suzohapp/production-602f742250cc40.34501859/19938-CashComplete_On-Device_Software_Development_Kit_Guide_3_0_0-html5/out
[19-Feb-2021 09:17:47 Europe/Stockholm] Copy file 'bootstrap-3.0.2.min.css'
[19-Feb-2021 09:17:47 Europe/Stockholm] Copy file 'bootstrap-theme-3.0.2.min.css'
[19-Feb-2021 09:17:47 Europe/Stockholm] Copy file 'bootstrap-theme.min.css'
[19-Feb-2021 09:17:47 Europe/Stockholm] Copy file 'bootstrap-theme.min.css.map'
[19-Feb-2021 09:17:47 Europe/Stockholm] Copy file 'bootstrap.min.css'
[19-Feb-2021 09:17:47 Europe/Stockholm] Copy file 'bootstrap.min.css.map'
[19-Feb-2021 09:17:47 Europe/Stockholm] Copy file 'content-theme1.css'
[19-Feb-2021 09:17:47 Europe/Stockholm] Copy file 'content-theme2.css'
[19-Feb-2021 09:17:47 Europe/Stockholm] Copy file 'docbook.css'
[19-Feb-2021 09:17:47 Europe/Stockholm] Copy file 'font-awesome.css'
[19-Feb-2021 09:17:47 Europe/Stockholm] Copy file 'graphical-lists.css'
[19-Feb-2021 09:17:47 Europe/Stockholm] Copy file 'html5.algoliasearch.css'
[19-Feb-2021 09:17:47 Europe/Stockholm] Copy file 'html5.algoliasearchpage.css'
[19-Feb-2021 09:17:47 Europe/Stockholm] Copy file 'mathml.css'
[19-Feb-2021 09:17:47 Europe/Stockholm] Copy file 'roboto.font.css'
[19-Feb-2021 09:17:47 Europe/Stockholm] Copy file 'rwd-table.min.css'
[19-Feb-2021 09:17:47 Europe/Stockholm] Copy file 'sm-core-css.css'
[19-Feb-2021 09:17:47 Europe/Stockholm] Copy file 'sm-simple.css'
[19-Feb-2021 09:17:47 Europe/Stockholm] Copy file 'style-api-responsive.css'
[19-Feb-2021 09:17:47 Europe/Stockholm] Copy file 'style-api.css'
[19-Feb-2021 09:17:47 Europe/Stockholm] Copy file 'style-common.css'
[19-Feb-2021 09:17:47 Europe/Stockholm] Copy file 'style-index-page.css'
[19-Feb-2021 09:17:47 Europe/Stockholm] Copy file 'style-modern-tables.css'
[19-Feb-2021 09:17:47 Europe/Stockholm] Copy file 'style-print.css'
[19-Feb-2021 09:17:47 Europe/Stockholm] Copy file 'style-responsive.css'
[19-Feb-2021 09:17:47 Europe/Stockholm] Copy file 'style-revealjs-slides.css'
[19-Feb-2021 09:17:47 Europe/Stockholm] Copy file 'style-single-page.css'
[19-Feb-2021 09:17:47 Europe/Stockholm] Copy file 'style.css'
[19-Feb-2021 09:17:47 Europe/Stockholm] Copy file 'theme0.css'
[19-Feb-2021 09:17:47 Europe/Stockholm] Copy file 'theme1-colors.css'
[19-Feb-2021 09:17:47 Europe/Stockholm] Copy file 'theme1.css'
[19-Feb-2021 09:17:47 Europe/Stockholm] Copy file 'theme2-colors.css'
[19-Feb-2021 09:17:47 Europe/Stockholm] Copy file 'theme2.css'
[19-Feb-2021 09:17:47 Europe/Stockholm] Copy file 'theme3-colors.css'
[19-Feb-2021 09:17:47 Europe/Stockholm] Copy file 'theme3.css'
[19-Feb-2021 09:17:47 Europe/Stockholm] Copy file 'theme3b-colors.css'
[19-Feb-2021 09:17:47 Europe/Stockholm] Copy file 'theme3b.css'
[19-Feb-2021 09:17:47 Europe/Stockholm] Filename: css/image/*
[19-Feb-2021 09:17:47 Europe/Stockholm] Source directory: /var/www/ccms/application/lib/docbook/xsl/html5
[19-Feb-2021 09:17:47 Europe/Stockholm] Target directory: /paligo/tmp/suzohapp/production-602f742250cc40.34501859/19938-CashComplete_On-Device_Software_Development_Kit_Guide_3_0_0-html5/out
[19-Feb-2021 09:17:47 Europe/Stockholm] Copy file 'breadcrumb-seperator.png'
[19-Feb-2021 09:17:47 Europe/Stockholm] Copy file 'caution.png'
[19-Feb-2021 09:17:47 Europe/Stockholm] Copy file 'corporate-logo-blue-inverted.svg'
[19-Feb-2021 09:17:47 Europe/Stockholm] Copy file 'corporate-logo-blue.svg'
[19-Feb-2021 09:17:47 Europe/Stockholm] Copy file 'corporate-logo-white.png'
[19-Feb-2021 09:17:47 Europe/Stockholm] Copy file 'corporate-logo-white.svg'
[19-Feb-2021 09:17:47 Europe/Stockholm] Copy file 'corporate-logo.png'
[19-Feb-2021 09:17:47 Europe/Stockholm] Copy file 'corporate-logo.svg'
[19-Feb-2021 09:17:47 Europe/Stockholm] Copy file 'important.png'
[19-Feb-2021 09:17:47 Europe/Stockholm] Copy file 'note.png'
[19-Feb-2021 09:17:47 Europe/Stockholm] Copy file 'portal1-bg.jpg'
[19-Feb-2021 09:17:47 Europe/Stockholm] Copy file 'portal2a-bg.jpg'
[19-Feb-2021 09:17:47 Europe/Stockholm] Copy file 'portal2b-bg.jpg'
[19-Feb-2021 09:17:47 Europe/Stockholm] Copy file 'portal2c-bg.jpg'
[19-Feb-2021 09:17:47 Europe/Stockholm] Copy file 'subheader-bg.png'
[19-Feb-2021 09:17:47 Europe/Stockholm] Copy file 'warning.png'
[19-Feb-2021 09:17:47 Europe/Stockholm] Filename: css/image/callouts/*
[19-Feb-2021 09:17:47 Europe/Stockholm] Source directory: /var/www/ccms/application/lib/docbook/xsl/html5
[19-Feb-2021 09:17:47 Europe/Stockholm] Target directory: /paligo/tmp/suzohapp/production-602f742250cc40.34501859/19938-CashComplete_On-Device_Software_Development_Kit_Guide_3_0_0-html5/out
[19-Feb-2021 09:17:47 Europe/Stockholm] Copy file '1.gif'
[19-Feb-2021 09:17:47 Europe/Stockholm] Copy file '1.png'
[19-Feb-2021 09:17:47 Europe/Stockholm] Copy file '1.svg'
[19-Feb-2021 09:17:47 Europe/Stockholm] Copy file '10.gif'
[19-Feb-2021 09:17:47 Europe/Stockholm] Copy file '10.png'
[19-Feb-2021 09:17:47 Europe/Stockholm] Copy file '10.svg'
[19-Feb-2021 09:17:47 Europe/Stockholm] Copy file '11.gif'
[19-Feb-2021 09:17:47 Europe/Stockholm] Copy file '11.png'
[19-Feb-2021 09:17:47 Europe/Stockholm] Copy file '11.svg'
[19-Feb-2021 09:17:47 Europe/Stockholm] Copy file '12.gif'
[19-Feb-2021 09:17:47 Europe/Stockholm] Copy file '12.png'
[19-Feb-2021 09:17:47 Europe/Stockholm] Copy file '12.svg'
[19-Feb-2021 09:17:47 Europe/Stockholm] Copy file '13.gif'
[19-Feb-2021 09:17:47 Europe/Stockholm] Copy file '13.png'
[19-Feb-2021 09:17:47 Europe/Stockholm] Copy file '13.svg'
[19-Feb-2021 09:17:47 Europe/Stockholm] Copy file '14.gif'
[19-Feb-2021 09:17:47 Europe/Stockholm] Copy file '14.png'
[19-Feb-2021 09:17:47 Europe/Stockholm] Copy file '14.svg'
[19-Feb-2021 09:17:47 Europe/Stockholm] Copy file '15.gif'
[19-Feb-2021 09:17:47 Europe/Stockholm] Copy file '15.png'
[19-Feb-2021 09:17:47 Europe/Stockholm] Copy file '15.svg'
[19-Feb-2021 09:17:47 Europe/Stockholm] Copy file '16.svg'
[19-Feb-2021 09:17:47 Europe/Stockholm] Copy file '17.svg'
[19-Feb-2021 09:17:47 Europe/Stockholm] Copy file '18.svg'
[19-Feb-2021 09:17:47 Europe/Stockholm] Copy file '19.svg'
[19-Feb-2021 09:17:47 Europe/Stockholm] Copy file '2.gif'
[19-Feb-2021 09:17:47 Europe/Stockholm] Copy file '2.png'
[19-Feb-2021 09:17:47 Europe/Stockholm] Copy file '2.svg'
[19-Feb-2021 09:17:47 Europe/Stockholm] Copy file '20.svg'
[19-Feb-2021 09:17:47 Europe/Stockholm] Copy file '21.svg'
[19-Feb-2021 09:17:47 Europe/Stockholm] Copy file '22.svg'
[19-Feb-2021 09:17:47 Europe/Stockholm] Copy file '23.svg'
[19-Feb-2021 09:17:47 Europe/Stockholm] Copy file '24.svg'
[19-Feb-2021 09:17:47 Europe/Stockholm] Copy file '25.svg'
[19-Feb-2021 09:17:47 Europe/Stockholm] Copy file '26.svg'
[19-Feb-2021 09:17:47 Europe/Stockholm] Copy file '27.svg'
[19-Feb-2021 09:17:47 Europe/Stockholm] Copy file '28.svg'
[19-Feb-2021 09:17:47 Europe/Stockholm] Copy file '29.svg'
[19-Feb-2021 09:17:47 Europe/Stockholm] Copy file '3.gif'
[19-Feb-2021 09:17:47 Europe/Stockholm] Copy file '3.png'
[19-Feb-2021 09:17:47 Europe/Stockholm] Copy file '3.svg'
[19-Feb-2021 09:17:47 Europe/Stockholm] Copy file '30.svg'
[19-Feb-2021 09:17:47 Europe/Stockholm] Copy file '4.gif'
[19-Feb-2021 09:17:47 Europe/Stockholm] Copy file '4.png'
[19-Feb-2021 09:17:47 Europe/Stockholm] Copy file '4.svg'
[19-Feb-2021 09:17:47 Europe/Stockholm] Copy file '5.gif'
[19-Feb-2021 09:17:47 Europe/Stockholm] Copy file '5.png'
[19-Feb-2021 09:17:47 Europe/Stockholm] Copy file '5.svg'
[19-Feb-2021 09:17:47 Europe/Stockholm] Copy file '6.gif'
[19-Feb-2021 09:17:47 Europe/Stockholm] Copy file '6.png'
[19-Feb-2021 09:17:47 Europe/Stockholm] Copy file '6.svg'
[19-Feb-2021 09:17:47 Europe/Stockholm] Copy file '7.gif'
[19-Feb-2021 09:17:47 Europe/Stockholm] Copy file '7.png'
[19-Feb-2021 09:17:47 Europe/Stockholm] Copy file '7.svg'
[19-Feb-2021 09:17:47 Europe/Stockholm] Copy file '8.gif'
[19-Feb-2021 09:17:47 Europe/Stockholm] Copy file '8.png'
[19-Feb-2021 09:17:47 Europe/Stockholm] Copy file '8.svg'
[19-Feb-2021 09:17:47 Europe/Stockholm] Copy file '9.gif'
[19-Feb-2021 09:17:47 Europe/Stockholm] Copy file '9.png'
[19-Feb-2021 09:17:47 Europe/Stockholm] Copy file '9.svg'
[19-Feb-2021 09:17:47 Europe/Stockholm] Filename: js/*
[19-Feb-2021 09:17:47 Europe/Stockholm] Source directory: /var/www/ccms/application/lib/docbook/xsl/html5
[19-Feb-2021 09:17:47 Europe/Stockholm] Target directory: /paligo/tmp/suzohapp/production-602f742250cc40.34501859/19938-CashComplete_On-Device_Software_Development_Kit_Guide_3_0_0-html5/out
[19-Feb-2021 09:17:47 Europe/Stockholm] Copy file 'ajax-loading.js'
[19-Feb-2021 09:17:47 Europe/Stockholm] Copy file 'anchorlinks.js'
[19-Feb-2021 09:17:47 Europe/Stockholm] Copy file 'bootstrap.min.js'
[19-Feb-2021 09:17:47 Europe/Stockholm] Copy file 'checklist.js'
[19-Feb-2021 09:17:47 Europe/Stockholm] Copy file 'clipboard.min.js'
[19-Feb-2021 09:17:47 Europe/Stockholm] Copy file 'cookie-consent.js'
[19-Feb-2021 09:17:47 Europe/Stockholm] Copy file 'create-toc.js'
[19-Feb-2021 09:17:47 Europe/Stockholm] Copy file 'csh.js'
[19-Feb-2021 09:17:47 Europe/Stockholm] Copy file 'fuse.min.js'
[19-Feb-2021 09:17:47 Europe/Stockholm] Copy file 'hilitor.js'
[19-Feb-2021 09:17:47 Europe/Stockholm] Copy file 'html5-2-ajax-hp.js'
[19-Feb-2021 09:17:47 Europe/Stockholm] Copy file 'html5-2-ajax.js'
[19-Feb-2021 09:17:47 Europe/Stockholm] Copy file 'html5-2-mp-common.js'
[19-Feb-2021 09:17:47 Europe/Stockholm] Copy file 'html5-2-portal.js'
[19-Feb-2021 09:17:47 Europe/Stockholm] Copy file 'html5-2.js'
[19-Feb-2021 09:17:47 Europe/Stockholm] Copy file 'html5.algoliasearch.js'
[19-Feb-2021 09:17:47 Europe/Stockholm] Copy file 'html5.algoliasearchpage.js'
[19-Feb-2021 09:17:47 Europe/Stockholm] Copy file 'html5.fuse.search.js'
[19-Feb-2021 09:17:47 Europe/Stockholm] Copy file 'jquery-1.10.2.min.js'
[19-Feb-2021 09:17:47 Europe/Stockholm] Copy file 'jquery-1.10.2.min.map'
[19-Feb-2021 09:17:47 Europe/Stockholm] Copy file 'jquery-migrate-3.0.1.min.js'
[19-Feb-2021 09:17:47 Europe/Stockholm] Copy file 'jquery-ui-1.10.3.custom.min.js'
[19-Feb-2021 09:17:47 Europe/Stockholm] Copy file 'jquery.event.move.js'
[19-Feb-2021 09:17:47 Europe/Stockholm] Copy file 'jquery.event.swipe.js'
[19-Feb-2021 09:17:47 Europe/Stockholm] Copy file 'jquery.mark.min.js'
[19-Feb-2021 09:17:47 Europe/Stockholm] Copy file 'jquery.smartmenus.js'
[19-Feb-2021 09:17:47 Europe/Stockholm] Copy file 'jquery.sticky.js'
[19-Feb-2021 09:17:47 Europe/Stockholm] Copy file 'lunr-single-lang.js'
[19-Feb-2021 09:17:47 Europe/Stockholm] Copy file 'lunr.js'
[19-Feb-2021 09:17:47 Europe/Stockholm] Copy file 'materialize.min.js'
[19-Feb-2021 09:17:47 Europe/Stockholm] Copy file 'mspace.js'
[19-Feb-2021 09:17:47 Europe/Stockholm] Copy file 'purl.js'
[19-Feb-2021 09:17:47 Europe/Stockholm] Copy file 'respond.min.js'
[19-Feb-2021 09:17:47 Europe/Stockholm] Copy file 'responsive-tables.js'
[19-Feb-2021 09:17:47 Europe/Stockholm] Copy file 'rwd-table.min.js'
[19-Feb-2021 09:17:47 Europe/Stockholm] Copy file 'script-api.js'
[19-Feb-2021 09:17:47 Europe/Stockholm] Copy file 'script-revealjs-slides.js'
[19-Feb-2021 09:17:47 Europe/Stockholm] Copy file 'script.js'
[19-Feb-2021 09:17:47 Europe/Stockholm] Copy file 'search.js'
[19-Feb-2021 09:17:47 Europe/Stockholm] Copy file 'updateurl.js'
[19-Feb-2021 09:17:47 Europe/Stockholm] Filename: fonts/*
[19-Feb-2021 09:17:47 Europe/Stockholm] Source directory: /var/www/ccms/application/lib/docbook/xsl/html5
[19-Feb-2021 09:17:47 Europe/Stockholm] Target directory: /paligo/tmp/suzohapp/production-602f742250cc40.34501859/19938-CashComplete_On-Device_Software_Development_Kit_Guide_3_0_0-html5/out
[19-Feb-2021 09:17:47 Europe/Stockholm] Copy file 'FontAwesome.otf'
[19-Feb-2021 09:17:47 Europe/Stockholm] Copy file 'fontawesome-webfont.eot'
[19-Feb-2021 09:17:47 Europe/Stockholm] Copy file 'fontawesome-webfont.svg'
[19-Feb-2021 09:17:47 Europe/Stockholm] Copy file 'fontawesome-webfont.ttf'
[19-Feb-2021 09:17:47 Europe/Stockholm] Copy file 'fontawesome-webfont.woff'
[19-Feb-2021 09:17:47 Europe/Stockholm] Copy file 'fontawesome-webfont.woff2'
[19-Feb-2021 09:17:47 Europe/Stockholm] Copy file 'glyphicons-halflings-regular.eot'
[19-Feb-2021 09:17:47 Europe/Stockholm] Copy file 'glyphicons-halflings-regular.svg'
[19-Feb-2021 09:17:47 Europe/Stockholm] Copy file 'glyphicons-halflings-regular.ttf'
[19-Feb-2021 09:17:47 Europe/Stockholm] Copy file 'glyphicons-halflings-regular.woff'
[19-Feb-2021 09:17:47 Europe/Stockholm] Copy file 'glyphicons-halflings-regular.woff2'
[19-Feb-2021 09:17:47 Europe/Stockholm] Copy file 'roboto-v20-vietnamese_latin-ext_latin_greek-ext_greek_cyrillic-ext_cyrillic-300.eot'
[19-Feb-2021 09:17:47 Europe/Stockholm] Copy file 'roboto-v20-vietnamese_latin-ext_latin_greek-ext_greek_cyrillic-ext_cyrillic-300.svg'
[19-Feb-2021 09:17:47 Europe/Stockholm] Copy file 'roboto-v20-vietnamese_latin-ext_latin_greek-ext_greek_cyrillic-ext_cyrillic-300.ttf'
[19-Feb-2021 09:17:47 Europe/Stockholm] Copy file 'roboto-v20-vietnamese_latin-ext_latin_greek-ext_greek_cyrillic-ext_cyrillic-300.woff'
[19-Feb-2021 09:17:47 Europe/Stockholm] Copy file 'roboto-v20-vietnamese_latin-ext_latin_greek-ext_greek_cyrillic-ext_cyrillic-300.woff2'
[19-Feb-2021 09:17:47 Europe/Stockholm] Copy file 'roboto-v20-vietnamese_latin-ext_latin_greek-ext_greek_cyrillic-ext_cyrillic-700.eot'
[19-Feb-2021 09:17:47 Europe/Stockholm] Copy file 'roboto-v20-vietnamese_latin-ext_latin_greek-ext_greek_cyrillic-ext_cyrillic-700.svg'
[19-Feb-2021 09:17:47 Europe/Stockholm] Copy file 'roboto-v20-vietnamese_latin-ext_latin_greek-ext_greek_cyrillic-ext_cyrillic-700.ttf'
[19-Feb-2021 09:17:47 Europe/Stockholm] Copy file 'roboto-v20-vietnamese_latin-ext_latin_greek-ext_greek_cyrillic-ext_cyrillic-700.woff'
[19-Feb-2021 09:17:47 Europe/Stockholm] Copy file 'roboto-v20-vietnamese_latin-ext_latin_greek-ext_greek_cyrillic-ext_cyrillic-700.woff2'
[19-Feb-2021 09:17:47 Europe/Stockholm] Copy file 'roboto-v20-vietnamese_latin-ext_latin_greek-ext_greek_cyrillic-ext_cyrillic-regular.eot'
[19-Feb-2021 09:17:47 Europe/Stockholm] Copy file 'roboto-v20-vietnamese_latin-ext_latin_greek-ext_greek_cyrillic-ext_cyrillic-regular.svg'
[19-Feb-2021 09:17:47 Europe/Stockholm] Copy file 'roboto-v20-vietnamese_latin-ext_latin_greek-ext_greek_cyrillic-ext_cyrillic-regular.ttf'
[19-Feb-2021 09:17:47 Europe/Stockholm] Copy file 'roboto-v20-vietnamese_latin-ext_latin_greek-ext_greek_cyrillic-ext_cyrillic-regular.woff'
[19-Feb-2021 09:17:47 Europe/Stockholm] Copy file 'roboto-v20-vietnamese_latin-ext_latin_greek-ext_greek_cyrillic-ext_cyrillic-regular.woff2'
[19-Feb-2021 09:17:47 Europe/Stockholm] Copy file '/var/www/ccms/application/lib/docbook/xsl/html5/css/image/corporate-logo.png' to '/paligo/tmp/suzohapp/production-602f742250cc40.34501859/19938-CashComplete_On-Device_Software_Development_Kit_Guide_3_0_0-html5/out/css/image/corporate-logo.png'
[19-Feb-2021 09:17:48 Europe/Stockholm] Post build HTML5
[19/Feb/2021 09:17:49 Europe/Stockholm] [Info] Transformation: index-en.html -> toc-en.html [html5.toc.xsl]
[19/Feb/2021 09:17:49 Europe/Stockholm] [Info] Transformation: UUID-f95b3142-bdb2-0879-4dc9-5f0daac9b0bb.html -> UUID-f95b3142-bdb2-0879-4dc9-5f0daac9b0bb.html [html5.page.xsl]
[19/Feb/2021 09:17:49 Europe/Stockholm] [Info] Transformation: UUID-2818c4e4-7c3e-a7a2-9a52-7769bcbf2f2f.html -> UUID-2818c4e4-7c3e-a7a2-9a52-7769bcbf2f2f.html [html5.page.xsl]
[19/Feb/2021 09:17:49 Europe/Stockholm] [Info] Transformation: UUID-d2936ece-4207-e9a7-4c18-02fdf9b58ec2.html -> UUID-d2936ece-4207-e9a7-4c18-02fdf9b58ec2.html [html5.page.xsl]
[19/Feb/2021 09:17:49 Europe/Stockholm] [Info] Transformation: UUID-9cdaf9cd-b405-3fd4-3756-857e1618153d.html -> UUID-9cdaf9cd-b405-3fd4-3756-857e1618153d.html [html5.page.xsl]
[19/Feb/2021 09:17:49 Europe/Stockholm] [Info] Transformation: UUID-9fc1b8c2-e957-b10b-391c-8751a2dde4f2.html -> UUID-9fc1b8c2-e957-b10b-391c-8751a2dde4f2.html [html5.page.xsl]
[19/Feb/2021 09:17:49 Europe/Stockholm] [Info] Transformation: UUID-9bd9d62b-dab7-4f0f-8bff-e7575d67d5ed.html -> UUID-9bd9d62b-dab7-4f0f-8bff-e7575d67d5ed.html [html5.page.xsl]
[19/Feb/2021 09:17:49 Europe/Stockholm] [Info] Transformation: UUID-e88e8bfa-591a-6c32-3131-970e449fafc9.html -> UUID-e88e8bfa-591a-6c32-3131-970e449fafc9.html [html5.page.xsl]
[19/Feb/2021 09:17:49 Europe/Stockholm] [Info] Transformation: UUID-448d6bf9-75b2-362a-4278-c415bfd6b198.html -> UUID-448d6bf9-75b2-362a-4278-c415bfd6b198.html [html5.page.xsl]
[19/Feb/2021 09:17:49 Europe/Stockholm] [Info] Transformation: UUID-7dc0d9cc-a870-58bd-707a-d9dc282095be.html -> UUID-7dc0d9cc-a870-58bd-707a-d9dc282095be.html [html5.page.xsl]
[19/Feb/2021 09:17:49 Europe/Stockholm] [Info] Transformation: UUID-d2b1e921-9643-0d47-6514-b50506884804.html -> UUID-d2b1e921-9643-0d47-6514-b50506884804.html [html5.page.xsl]
[19/Feb/2021 09:17:49 Europe/Stockholm] [Info] Transformation: UUID-b71af4e8-8c9f-348f-b545-d8ab425b999f.html -> UUID-b71af4e8-8c9f-348f-b545-d8ab425b999f.html [html5.page.xsl]
[19/Feb/2021 09:17:49 Europe/Stockholm] [Info] Transformation: UUID-a7d5b6d7-94d7-6e45-4e73-502014e5f079.html -> UUID-a7d5b6d7-94d7-6e45-4e73-502014e5f079.html [html5.page.xsl]
[19/Feb/2021 09:17:49 Europe/Stockholm] [Info] Transformation: UUID-d55347a6-a74a-871d-4e52-d5ae920984f8.html -> UUID-d55347a6-a74a-871d-4e52-d5ae920984f8.html [html5.page.xsl]
[19/Feb/2021 09:17:49 Europe/Stockholm] [Info] Transformation: UUID-a42da773-7b3b-0d4b-ad89-0a6fe86e2fe5.html -> UUID-a42da773-7b3b-0d4b-ad89-0a6fe86e2fe5.html [html5.page.xsl]
[19/Feb/2021 09:17:49 Europe/Stockholm] [Info] Transformation: UUID-e77b5766-58ad-3def-4fc8-bf97e71004ed.html -> UUID-e77b5766-58ad-3def-4fc8-bf97e71004ed.html [html5.page.xsl]
[19/Feb/2021 09:17:49 Europe/Stockholm] [Info] Transformation: UUID-c854a932-408e-e97c-bdb6-a2eb0d880e28.html -> UUID-c854a932-408e-e97c-bdb6-a2eb0d880e28.html [html5.page.xsl]
[19/Feb/2021 09:17:49 Europe/Stockholm] [Info] Transformation: UUID-964d2e7f-09f7-fa43-321b-b67c706e600c.html -> UUID-964d2e7f-09f7-fa43-321b-b67c706e600c.html [html5.page.xsl]
[19/Feb/2021 09:17:49 Europe/Stockholm] [Info] Transformation: UUID-2ac7e401-fef8-9b3c-2332-ec56efd8ceb3.html -> UUID-2ac7e401-fef8-9b3c-2332-ec56efd8ceb3.html [html5.page.xsl]
[19/Feb/2021 09:17:49 Europe/Stockholm] [Info] Transformation: UUID-7cd7ffff-cd2e-88dd-3058-e655930232f8.html -> UUID-7cd7ffff-cd2e-88dd-3058-e655930232f8.html [html5.page.xsl]
[19/Feb/2021 09:17:49 Europe/Stockholm] [Info] Transformation: UUID-ca45f3e6-b822-6cbb-8be8-16de54a34ca5.html -> UUID-ca45f3e6-b822-6cbb-8be8-16de54a34ca5.html [html5.page.xsl]
[19/Feb/2021 09:17:49 Europe/Stockholm] [Info] Transformation: UUID-d722c35d-ceca-013d-c8f3-d9ba476f9919.html -> UUID-d722c35d-ceca-013d-c8f3-d9ba476f9919.html [html5.page.xsl]
[19/Feb/2021 09:17:49 Europe/Stockholm] [Info] Transformation: UUID-cdf34923-71a5-721d-1a1f-7a1e0fc0dce6.html -> UUID-cdf34923-71a5-721d-1a1f-7a1e0fc0dce6.html [html5.page.xsl]
[19/Feb/2021 09:17:49 Europe/Stockholm] [Info] Transformation: UUID-c467f34c-3db9-9860-b34f-18bf1612fa7f.html -> UUID-c467f34c-3db9-9860-b34f-18bf1612fa7f.html [html5.page.xsl]
[19/Feb/2021 09:17:49 Europe/Stockholm] [Info] Transformation: UUID-7318a2d9-4028-1f8d-f5c5-56a7166ed74d.html -> UUID-7318a2d9-4028-1f8d-f5c5-56a7166ed74d.html [html5.page.xsl]
[19/Feb/2021 09:17:49 Europe/Stockholm] [Info] Transformation: UUID-5061e5d4-ffa7-293a-474f-e9f827119caa.html -> UUID-5061e5d4-ffa7-293a-474f-e9f827119caa.html [html5.page.xsl]
[19/Feb/2021 09:17:50 Europe/Stockholm] [Info] Transformation: UUID-5e85eb81-eb71-5334-cbce-f2f8fc9f2d29.html -> UUID-5e85eb81-eb71-5334-cbce-f2f8fc9f2d29.html [html5.page.xsl]
[19/Feb/2021 09:17:50 Europe/Stockholm] [Info] Transformation: UUID-2689cf83-1a8d-7959-8b01-db48c94ed4f1.html -> UUID-2689cf83-1a8d-7959-8b01-db48c94ed4f1.html [html5.page.xsl]
[19/Feb/2021 09:17:50 Europe/Stockholm] [Info] Transformation: UUID-66315ac4-fbac-fdac-3760-85189928b385.html -> UUID-66315ac4-fbac-fdac-3760-85189928b385.html [html5.page.xsl]
[19/Feb/2021 09:17:50 Europe/Stockholm] [Info] Transformation: UUID-24f67e04-0ea1-2411-fbb4-6444c10be3be.html -> UUID-24f67e04-0ea1-2411-fbb4-6444c10be3be.html [html5.page.xsl]
[19/Feb/2021 09:17:50 Europe/Stockholm] [Info] Transformation: UUID-d06944a7-6886-3d51-e69e-390225773217.html -> UUID-d06944a7-6886-3d51-e69e-390225773217.html [html5.page.xsl]
[19/Feb/2021 09:17:50 Europe/Stockholm] [Info] Transformation: UUID-ba1e99ec-4640-b4b9-0c82-2cd0bc3d569f.html -> UUID-ba1e99ec-4640-b4b9-0c82-2cd0bc3d569f.html [html5.page.xsl]
[19/Feb/2021 09:17:50 Europe/Stockholm] [Info] Transformation: UUID-901e1ea4-0868-7aae-f60a-6bedc6ecfa0d.html -> UUID-901e1ea4-0868-7aae-f60a-6bedc6ecfa0d.html [html5.page.xsl]
[19/Feb/2021 09:17:50 Europe/Stockholm] [Info] Transformation: UUID-bb541365-4925-7f31-7db5-27b9902aeeac.html -> UUID-bb541365-4925-7f31-7db5-27b9902aeeac.html [html5.page.xsl]
[19/Feb/2021 09:17:50 Europe/Stockholm] [Info] Transformation: UUID-d5773f11-97c2-ddc9-ef78-fed8029fd98f.html -> UUID-d5773f11-97c2-ddc9-ef78-fed8029fd98f.html [html5.page.xsl]
[19/Feb/2021 09:17:50 Europe/Stockholm] [Info] Transformation: UUID-636c17aa-7f0d-bffe-e77c-0ffda4bd3d3c.html -> UUID-636c17aa-7f0d-bffe-e77c-0ffda4bd3d3c.html [html5.page.xsl]
[19/Feb/2021 09:17:50 Europe/Stockholm] [Info] Transformation: UUID-0aa70923-d132-3015-a381-2af11f2c5ef7.html -> UUID-0aa70923-d132-3015-a381-2af11f2c5ef7.html [html5.page.xsl]
[19/Feb/2021 09:17:50 Europe/Stockholm] [Info] Transformation: UUID-83b41fe1-9cbd-ff16-c99f-02f4473d914a.html -> UUID-83b41fe1-9cbd-ff16-c99f-02f4473d914a.html [html5.page.xsl]
[19/Feb/2021 09:17:50 Europe/Stockholm] [Info] Transformation: UUID-f5224b30-6ab9-7d7e-2758-993c7718b233.html -> UUID-f5224b30-6ab9-7d7e-2758-993c7718b233.html [html5.page.xsl]
[19/Feb/2021 09:17:50 Europe/Stockholm] [Info] Transformation: UUID-8398b260-6cfe-d571-f922-1cac53f59915.html -> UUID-8398b260-6cfe-d571-f922-1cac53f59915.html [html5.page.xsl]
[19/Feb/2021 09:17:50 Europe/Stockholm] [Info] Transformation: UUID-7311a90b-969c-17e6-cc79-2c1844c91ce1.html -> UUID-7311a90b-969c-17e6-cc79-2c1844c91ce1.html [html5.page.xsl]
[19/Feb/2021 09:17:50 Europe/Stockholm] [Info] Transformation: UUID-9327879b-213e-e89b-9407-e2701d5f302d.html -> UUID-9327879b-213e-e89b-9407-e2701d5f302d.html [html5.page.xsl]
[19/Feb/2021 09:17:50 Europe/Stockholm] [Info] Transformation: UUID-2558a1cc-0b30-bc42-a498-0eb806eb80eb.html -> UUID-2558a1cc-0b30-bc42-a498-0eb806eb80eb.html [html5.page.xsl]
[19/Feb/2021 09:17:50 Europe/Stockholm] [Info] Transformation: UUID-28d0d578-3fa4-4bc2-cb29-0f487a077613.html -> UUID-28d0d578-3fa4-4bc2-cb29-0f487a077613.html [html5.page.xsl]
[19/Feb/2021 09:17:50 Europe/Stockholm] [Info] Transformation: UUID-8c537626-5f5c-af1d-46e8-7c6feb1edec1.html -> UUID-8c537626-5f5c-af1d-46e8-7c6feb1edec1.html [html5.page.xsl]
[19/Feb/2021 09:17:50 Europe/Stockholm] [Info] Transformation: UUID-a90722ac-fd27-8578-43bf-25ec725be647.html -> UUID-a90722ac-fd27-8578-43bf-25ec725be647.html [html5.page.xsl]
[19/Feb/2021 09:17:50 Europe/Stockholm] [Info] Transformation: index-en.html -> index-en.html [html5.page.xsl]
[19/Feb/2021 09:17:50 Europe/Stockholm] [Info] Generating index page.
[19/Feb/2021 09:17:50 Europe/Stockholm] [Info] Transformation: index.manifest -> index.html [html5.index.xsl]
[19/Feb/2021 09:17:50 Europe/Stockholm] [Info] # Took 11.332537 seconds to render.
